<?xml version="1.0" encoding="UTF-8"?>
<robot generator="Robot 4.0.3 (Python 3.9.5 on darwin)" generated="20211209 12:49:20.060" rpa="false" schemaversion="2">
<suite id="s1" name="Home &amp; Nav">
<suite id="s1-s1" name="Home" source="/Users/andre.kunde/qa-ninja/home.robot">
<test id="s1-s1-t1" name="Deve abrir a tela principal">
<kw name="Set Appium Timeout" library="AppiumLibrary">
<arg>5</arg>
<doc>Sets the timeout in seconds used by various keywords.</doc>
<status status="PASS" starttime="20211209 12:49:20.241" endtime="20211209 12:49:20.241"/>
</kw>
<kw name="Open Application" library="AppiumLibrary">
<arg>http://localhost:4723/wd/hub</arg>
<arg>automationName=UiAutomator2</arg>
<arg>platformName=Android</arg>
<arg>deviceName=Android Emulator</arg>
<arg>app=${EXECDIR}/app/twp.apk</arg>
<doc>Opens a new application to given Appium server.
Capabilities of appium server, Android and iOS,
Please check https://github.com/appium/appium/blob/master/docs/en/writing-running-appium/server-args.md
| *Option*            | *Man.* | *Description*     |
| remote_url          | Yes    | Appium server url |
| alias               | no     | alias             |</doc>
<status status="PASS" starttime="20211209 12:49:20.242" endtime="20211209 12:49:26.334"/>
</kw>
<kw name="Wait Until Page Contains" library="AppiumLibrary">
<arg>Training Wheels Protocol</arg>
<doc>Waits until `text` appears on current page.</doc>
<status status="PASS" starttime="20211209 12:49:26.334" endtime="20211209 12:49:30.429"/>
</kw>
<kw name="Wait Until Page Contains" library="AppiumLibrary">
<arg>Mobile Version</arg>
<doc>Waits until `text` appears on current page.</doc>
<status status="PASS" starttime="20211209 12:49:30.429" endtime="20211209 12:49:30.479"/>
</kw>
<kw name="Close Application" library="AppiumLibrary">
<doc>Closes the current application and also close webdriver session.</doc>
<status status="PASS" starttime="20211209 12:49:30.479" endtime="20211209 12:49:30.798"/>
</kw>
<status status="PASS" starttime="20211209 12:49:20.240" endtime="20211209 12:49:30.799"/>
</test>
<status status="PASS" starttime="20211209 12:49:20.088" endtime="20211209 12:49:30.800"/>
</suite>
<suite id="s1-s2" name="Nav" source="/Users/andre.kunde/qa-ninja/nav.robot">
<test id="s1-s2-t1" name="Deve acessar a tela Dialogs">
<kw name="Set Appium Timeout" library="AppiumLibrary">
<arg>5</arg>
<doc>Sets the timeout in seconds used by various keywords.</doc>
<status status="PASS" starttime="20211209 12:49:30.807" endtime="20211209 12:49:30.807"/>
</kw>
<kw name="Open Application" library="AppiumLibrary">
<arg>http://localhost:4723/wd/hub</arg>
<arg>automationName=UiAutomator2</arg>
<arg>platformName=Android</arg>
<arg>deviceName=Android Emulator</arg>
<arg>app=${EXECDIR}/app/twp.apk</arg>
<doc>Opens a new application to given Appium server.
Capabilities of appium server, Android and iOS,
Please check https://github.com/appium/appium/blob/master/docs/en/writing-running-appium/server-args.md
| *Option*            | *Man.* | *Description*     |
| remote_url          | Yes    | Appium server url |
| alias               | no     | alias             |</doc>
<status status="PASS" starttime="20211209 12:49:30.808" endtime="20211209 12:49:35.233"/>
</kw>
<kw name="Wait Until Page Contains" library="AppiumLibrary">
<arg>COMEÇAR</arg>
<doc>Waits until `text` appears on current page.</doc>
<status status="PASS" starttime="20211209 12:49:35.233" endtime="20211209 12:49:39.727"/>
</kw>
<kw name="Click Text" library="AppiumLibrary">
<arg>COMEÇAR</arg>
<doc>Click text identified by ``text``.</doc>
<status status="PASS" starttime="20211209 12:49:39.727" endtime="20211209 12:49:39.888"/>
</kw>
<kw name="Wait Until Element Is Visible" library="AppiumLibrary">
<arg>xpath=//android.widget.ImageButton[@content-desc="Open navigation drawer"]</arg>
<doc>Waits until element specified with `locator` is visible.</doc>
<status status="PASS" starttime="20211209 12:49:39.888" endtime="20211209 12:49:41.139"/>
</kw>
<kw name="Click Element" library="AppiumLibrary">
<arg>xpath=//android.widget.ImageButton[@content-desc="Open navigation drawer"]</arg>
<doc>Click element identified by `locator`.</doc>
<msg timestamp="20211209 12:49:41.141" level="INFO">Clicking element 'xpath=//android.widget.ImageButton[@content-desc="Open navigation drawer"]'.</msg>
<status status="PASS" starttime="20211209 12:49:41.139" endtime="20211209 12:49:41.232"/>
</kw>
<kw name="Wait Until Element Is Visible" library="AppiumLibrary">
<arg>id=io.qaninja.android.twp:id/navView</arg>
<doc>Waits until element specified with `locator` is visible.</doc>
<status status="PASS" starttime="20211209 12:49:41.232" endtime="20211209 12:49:42.177"/>
</kw>
<kw name="Click Text" library="AppiumLibrary">
<arg>DIALOGS</arg>
<doc>Click text identified by ``text``.</doc>
<status status="PASS" starttime="20211209 12:49:42.177" endtime="20211209 12:49:42.325"/>
</kw>
<kw name="Wait Until Element Is Visible" library="AppiumLibrary">
<arg>id=io.qaninja.android.twp:id/toolbarTitle</arg>
<doc>Waits until element specified with `locator` is visible.</doc>
<status status="PASS" starttime="20211209 12:49:42.325" endtime="20211209 12:49:43.259"/>
</kw>
<kw name="Element Text Should Be" library="AppiumLibrary">
<arg>id=io.qaninja.android.twp:id/toolbarTitle</arg>
<arg>DIALOGS</arg>
<doc>Verifies element identified by ``locator`` exactly contains text ``expected``.</doc>
<msg timestamp="20211209 12:49:43.262" level="INFO">Verifying element 'id=io.qaninja.android.twp:id/toolbarTitle' contains exactly text 'DIALOGS'.</msg>
<status status="PASS" starttime="20211209 12:49:43.259" endtime="20211209 12:49:43.338"/>
</kw>
<kw name="Close Application" library="AppiumLibrary">
<doc>Closes the current application and also close webdriver session.</doc>
<status status="PASS" starttime="20211209 12:49:43.338" endtime="20211209 12:49:43.727"/>
</kw>
<status status="PASS" starttime="20211209 12:49:30.806" endtime="20211209 12:49:43.728"/>
</test>
<test id="s1-s2-t2" name="Deve acessar a tela de formulários">
<kw name="Set Appium Timeout" library="AppiumLibrary">
<arg>5</arg>
<doc>Sets the timeout in seconds used by various keywords.</doc>
<status status="PASS" starttime="20211209 12:49:43.729" endtime="20211209 12:49:43.730"/>
</kw>
<kw name="Open Application" library="AppiumLibrary">
<arg>http://localhost:4723/wd/hub</arg>
<arg>automationName=UiAutomator2</arg>
<arg>platformName=Android</arg>
<arg>deviceName=Android Emulator</arg>
<arg>app=${EXECDIR}/app/twp.apk</arg>
<doc>Opens a new application to given Appium server.
Capabilities of appium server, Android and iOS,
Please check https://github.com/appium/appium/blob/master/docs/en/writing-running-appium/server-args.md
| *Option*            | *Man.* | *Description*     |
| remote_url          | Yes    | Appium server url |
| alias               | no     | alias             |</doc>
<status status="PASS" starttime="20211209 12:49:43.730" endtime="20211209 12:49:48.430"/>
</kw>
<kw name="Wait Until Page Contains" library="AppiumLibrary">
<arg>COMEÇAR</arg>
<doc>Waits until `text` appears on current page.</doc>
<msg timestamp="20211209 12:49:54.428" level="INFO">&lt;?xml version='1.0' encoding='UTF-8' standalone='yes' ?&gt;
&lt;hierarchy index="0" class="hierarchy" rotation="0" width="1080" height="1977"&gt;
  &lt;android.widget.FrameLayout index="0" package="io.qaninja.android.twp" class="android.widget.FrameLayout" text="" checkable="false" checked="false" clickable="false" enabled="true" focusable="false" focused="false" long-clickable="false" password="false" scrollable="false" selected="false" bounds="[0,0][1080,1977]" displayed="true"&gt;
    &lt;android.widget.LinearLayout index="0" package="io.qaninja.android.twp" class="android.widget.LinearLayout" text="" checkable="false" checked="false" clickable="false" enabled="true" focusable="false" focused="false" long-clickable="false" password="false" scrollable="false" selected="false" bounds="[0,0][1080,1977]" displayed="true"&gt;
      &lt;android.widget.FrameLayout index="0" package="io.qaninja.android.twp" class="android.widget.FrameLayout" text="" checkable="false" checked="false" clickable="false" enabled="true" focusable="false" focused="false" long-clickable="false" password="false" scrollable="false" selected="false" bounds="[0,171][1080,1977]" displayed="true"&gt;
        &lt;android.widget.LinearLayout index="0" package="io.qaninja.android.twp" class="android.widget.LinearLayout" text="" resource-id="io.qaninja.android.twp:id/action_bar_root" checkable="false" checked="false" clickable="false" enabled="true" focusable="false" focused="false" long-clickable="false" password="false" scrollable="false" selected="false" bounds="[0,171][1080,1977]" displayed="true"&gt;
          &lt;android.widget.FrameLayout index="0" package="io.qaninja.android.twp" class="android.widget.FrameLayout" text="" resource-id="android:id/content" checkable="false" checked="false" clickable="false" enabled="true" focusable="false" focused="false" long-clickable="false" password="false" scrollable="false" selected="false" bounds="[0,171][1080,1977]" displayed="true"&gt;
            &lt;android.widget.LinearLayout index="0" package="io.qaninja.android.twp" class="android.widget.LinearLayout" text="" resource-id="io.qaninja.android.twp:id/mi_frame" checkable="false" checked="false" clickable="false" enabled="true" focusable="false" focused="false" long-clickable="false" password="false" scrollable="false" selected="false" bounds="[0,171][1080,1977]" displayed="true"&gt;
              &lt;androidx.viewpager.widget.ViewPager index="0" package="io.qaninja.android.twp" class="androidx.viewpager.widget.ViewPager" text="" resource-id="io.qaninja.android.twp:id/mi_pager" checkable="false" checked="false" clickable="false" enabled="true" focusable="true" focused="false" long-clickable="false" password="false" scrollable="true" selected="false" bounds="[0,171][1080,1815]" displayed="true"&gt;
                &lt;android.widget.LinearLayout index="0" package="io.qaninja.android.twp" class="android.widget.LinearLayout" text="" checkable="false" checked="false" clickable="false" enabled="true" focusable="false" focused="false" long-clickable="false" password="false" scrollable="false" selected="false" bounds="[0,171][1080,1815]" displayed="true"&gt;
                  &lt;android.widget.ImageView index="0" package="io.qaninja.android.twp" class="android.widget.ImageView" text="" content-desc="Icon" resource-id="io.qaninja.android.twp:id/mi_image" checkable="false" checked="false" clickable="false" enabled="true" focusable="false" focused="false" long-clickable="false" password="false" scrollable="false" selected="false" bounds="[375,347][705,677]" displayed="true" /&gt;
                  &lt;android.widget.TextView index="1" package="io.qaninja.android.twp" class="android.widget.TextView" text="QA Ninja" resource-id="io.qaninja.android.twp:id/mi_title" checkable="false" checked="false" clickable="false" enabled="true" focusable="false" focused="false" long-clickable="false" password="false" scrollable="false" selected="false" bounds="[88,853][992,950]" displayed="true" /&gt;
                  &lt;android.widget.TextView index="2" package="io.qaninja.android.twp" class="android.widget.TextView" text="Training Wheels Protocol &amp;#10; Mobile Version" resource-id="io.qaninja.android.twp:id/mi_description" checkable="false" checked="false" clickable="false" enabled="true" focusable="false" focused="false" long-clickable="false" password="false" scrollable="false" selected="false" bounds="[88,994][992,1105]" displayed="true" /&gt;
                &lt;/android.widget.LinearLayout&gt;
              &lt;/androidx.viewpager.widget.ViewPager&gt;
              &lt;android.widget.LinearLayout index="1" package="io.qaninja.android.twp" class="android.widget.LinearLayout" text="" checkable="false" checked="false" clickable="false" enabled="true" focusable="false" focused="false" long-clickable="false" password="false" scrollable="false" selected="false" bounds="[0,1815][1080,1977]" displayed="true"&gt;
                &lt;android.widget.LinearLayout index="0" package="io.qaninja.android.twp" class="android.widget.LinearLayout" text="" checkable="false" checked="false" clickable="false" enabled="true" focusable="false" focused="false" long-clickable="false" password="false" scrollable="false" selected="false" bounds="[242,1837][838,1977]" displayed="true"&gt;
                  &lt;android.widget.TextSwitcher index="0" package="io.qaninja.android.twp" class="android.widget.TextSwitcher" text="" resource-id="io.qaninja.android.twp:id/mi_button_cta" checkable="false" checked="false" clickable="false" enabled="true" focusable="false" focused="false" long-clickable="false" password="false" scrollable="false" selected="false" bounds="[371,1837][708,1969]" displayed="true"&gt;
                    &lt;android.widget.Button index="0" package="io.qaninja.android.twp" class="android.widget.Button" text="COMEÇAR" checkable="false" checked="false" clickable="true" enabled="true" focusable="true" focused="false" long-clickable="false" password="false" scrollable="false" selected="false" bounds="[404,1837][675,1969]" displayed="true" /&gt;
                  &lt;/android.widget.TextSwitcher&gt;
                  &lt;android.view.View index="1" package="io.qaninja.android.twp" class="android.view.View" text="" resource-id="io.qaninja.android.twp:id/mi_pager_indicator" checkable="false" checked="false" clickable="false" enabled="true" focusable="false" focused="false" long-clickable="false" password="false" scrollable="false" selected="false" bounds="[242,2013][838,2041]" displayed="true" /&gt;
                &lt;/android.widget.LinearLayout&gt;
              &lt;/android.widget.LinearLayout&gt;
            &lt;/android.widget.LinearLayout&gt;
          &lt;/android.widget.FrameLayout&gt;
        &lt;/android.widget.LinearLayout&gt;
      &lt;/android.widget.FrameLayout&gt;
    &lt;/android.widget.LinearLayout&gt;
    &lt;android.view.View index="1" package="io.qaninja.android.twp" class="android.view.View" text="" resource-id="android:id/statusBarBackground" checkable="false" checked="false" clickable="false" enabled="true" focusable="false" focused="false" long-clickable="false" password="false" scrollable="false" selected="false" bounds="[0,0][1080,171]" displayed="true" /&gt;
  &lt;/android.widget.FrameLayout&gt;
&lt;/hierarchy&gt;</msg>
<kw name="Capture Page Screenshot" library="AppiumLibrary">
<doc>Takes a screenshot of the current page and embeds it into the log.</doc>
<msg timestamp="20211209 12:49:54.879" level="INFO" html="true">&lt;/td&gt;&lt;/tr&gt;&lt;tr&gt;&lt;td colspan="3"&gt;&lt;a href="appium-screenshot-1.png"&gt;&lt;img src="appium-screenshot-1.png" width="800px"&gt;&lt;/a&gt;</msg>
<status status="PASS" starttime="20211209 12:49:54.429" endtime="20211209 12:49:54.879"/>
</kw>
<msg timestamp="20211209 12:49:54.879" level="FAIL">Text 'COMEÇAR' did not appear in 5 seconds</msg>
<status status="FAIL" starttime="20211209 12:49:48.430" endtime="20211209 12:49:54.879"/>
</kw>
<kw name="Click Text" library="AppiumLibrary">
<arg>COMEÇAR</arg>
<doc>Click text identified by ``text``.</doc>
<status status="NOT RUN" starttime="20211209 12:49:54.880" endtime="20211209 12:49:54.880"/>
</kw>
<kw name="Wait Until Element Is Visible" library="AppiumLibrary">
<arg>xpath=//android.widget.ImageButton[@content-desc="Open navigation drawer"]</arg>
<doc>Waits until element specified with `locator` is visible.</doc>
<status status="NOT RUN" starttime="20211209 12:49:54.880" endtime="20211209 12:49:54.880"/>
</kw>
<kw name="Click Element" library="AppiumLibrary">
<arg>xpath=//android.widget.ImageButton[@content-desc="Open navigation drawer"]</arg>
<doc>Click element identified by `locator`.</doc>
<status status="NOT RUN" starttime="20211209 12:49:54.880" endtime="20211209 12:49:54.880"/>
</kw>
<kw name="Wait Until Element Is Visible" library="AppiumLibrary">
<arg>id=io.qaninja.android.twp:id/navView</arg>
<doc>Waits until element specified with `locator` is visible.</doc>
<status status="NOT RUN" starttime="20211209 12:49:54.880" endtime="20211209 12:49:54.880"/>
</kw>
<kw name="Click Text" library="AppiumLibrary">
<arg>FORMS</arg>
<doc>Click text identified by ``text``.</doc>
<status status="NOT RUN" starttime="20211209 12:49:54.880" endtime="20211209 12:49:54.881"/>
</kw>
<kw name="Wait Until Element Is Visible" library="AppiumLibrary">
<arg>id=io.qaninja.android.twp:id/toolbarTitle</arg>
<doc>Waits until element specified with `locator` is visible.</doc>
<status status="NOT RUN" starttime="20211209 12:49:54.881" endtime="20211209 12:49:54.881"/>
</kw>
<kw name="Element Text Should Be" library="AppiumLibrary">
<arg>id=io.qaninja.android.twp:id/toolbarTitle</arg>
<arg>FORMS</arg>
<doc>Verifies element identified by ``locator`` exactly contains text ``expected``.</doc>
<status status="NOT RUN" starttime="20211209 12:49:54.882" endtime="20211209 12:49:54.882"/>
</kw>
<kw name="Close Application" library="AppiumLibrary">
<doc>Closes the current application and also close webdriver session.</doc>
<status status="NOT RUN" starttime="20211209 12:49:54.882" endtime="20211209 12:49:54.882"/>
</kw>
<status status="FAIL" starttime="20211209 12:49:43.728" endtime="20211209 12:49:54.883">Text 'COMEÇAR' did not appear in 5 seconds</status>
</test>
<status status="FAIL" starttime="20211209 12:49:30.801" endtime="20211209 12:49:54.884"/>
</suite>
<status status="FAIL" starttime="20211209 12:49:20.061" endtime="20211209 12:49:54.887"/>
</suite>
<statistics>
<total>
<stat pass="2" fail="1" skip="0">All Tests</stat>
</total>
<tag>
</tag>
<suite>
<stat pass="2" fail="1" skip="0" id="s1" name="Home &amp; Nav">Home &amp; Nav</stat>
<stat pass="1" fail="0" skip="0" id="s1-s1" name="Home">Home &amp; Nav.Home</stat>
<stat pass="1" fail="1" skip="0" id="s1-s2" name="Nav">Home &amp; Nav.Nav</stat>
</suite>
</statistics>
<errors>
</errors>
</robot>
